<?xml version="1.0" encoding="UTF-8"?>
<testsuite name="com.fiap.reservarest.adapter.restaurant.RestaurantServiceImplTest" tests="1" skipped="0" failures="0" errors="0" timestamp="2024-03-10T12:26:28" hostname="Air-de-Emerson.intelbras.local" time="0.168">
  <properties/>
  <testcase name="shouldCreateRestaurant()" classname="com.fiap.reservarest.adapter.restaurant.RestaurantServiceImplTest" time="0.168"/>
  <system-out><![CDATA[]]></system-out>
  <system-err><![CDATA[]]></system-err>
</testsuite>
