<?xml version="1.0" encoding="UTF-8"?>
<testsuite name="com.fiap.reservarest.domain.restaurant.entity.RestaurantDomainEntityTest" tests="12" skipped="0" failures="0" errors="0" timestamp="2024-03-10T12:26:28" hostname="Air-de-Emerson.intelbras.local" time="0.029">
  <properties/>
  <testcase name="shouldThrowExceptionWhenCreateRestaurantDomainEntityWithNullLocation()" classname="com.fiap.reservarest.domain.restaurant.entity.RestaurantDomainEntityTest" time="0.008"/>
  <testcase name="sholdThrowExceptionWhenCreateRestaurantDomainEntityWithInvalidHoursOfOperation()" classname="com.fiap.reservarest.domain.restaurant.entity.RestaurantDomainEntityTest" time="0.001"/>
  <testcase name="shouldThrowExceptionWhenCreateRestaurantDomainEntityWithZeroCapacity()" classname="com.fiap.reservarest.domain.restaurant.entity.RestaurantDomainEntityTest" time="0.001"/>
  <testcase name="shouldThrowExceptionWhenCreateRestaurantDomainEntityWithNullName()" classname="com.fiap.reservarest.domain.restaurant.entity.RestaurantDomainEntityTest" time="0.001"/>
  <testcase name="shouldThrowExceptionWhenCreateRestaurantDomainEntityWithNullCuisineType()" classname="com.fiap.reservarest.domain.restaurant.entity.RestaurantDomainEntityTest" time="0.001"/>
  <testcase name="shouldThrowExceptionWhenCreateRestaurantDomainEntityWithEmptyName()" classname="com.fiap.reservarest.domain.restaurant.entity.RestaurantDomainEntityTest" time="0.002"/>
  <testcase name="shouldThrowExceptionWhenCreateRestaurantDomainEntityWithNullCapacity()" classname="com.fiap.reservarest.domain.restaurant.entity.RestaurantDomainEntityTest" time="0.002"/>
  <testcase name="shouldThrowExceptionWhenCreateRestaurantDomainEntityWithEmptyLocation()" classname="com.fiap.reservarest.domain.restaurant.entity.RestaurantDomainEntityTest" time="0.001"/>
  <testcase name="shouldCreateRestaurantDomainEntity()" classname="com.fiap.reservarest.domain.restaurant.entity.RestaurantDomainEntityTest" time="0.003"/>
  <testcase name="sholdThrowExceptionWhenCreateRestaurantDomainEntityWithZeroHoursOfOperation()" classname="com.fiap.reservarest.domain.restaurant.entity.RestaurantDomainEntityTest" time="0.001"/>
  <testcase name="shouldThrowExceptionWhenCreateRestaurantDomainEntityWithNegativeCapacity()" classname="com.fiap.reservarest.domain.restaurant.entity.RestaurantDomainEntityTest" time="0.001"/>
  <testcase name="shouldThrowExceptionWhenCreateRestaurantDomainEntityWithEmptyCuisineType()" classname="com.fiap.reservarest.domain.restaurant.entity.RestaurantDomainEntityTest" time="0.001"/>
  <system-out><![CDATA[]]></system-out>
  <system-err><![CDATA[]]></system-err>
</testsuite>
