<?xml version="1.0" encoding="UTF-8"?>
<testsuite name="com.fiap.reservarest.ReservarestApplicationTests" tests="1" skipped="0" failures="0" errors="0" timestamp="2024-03-10T12:26:28" hostname="Air-de-Emerson.intelbras.local" time="0.368">
  <properties/>
  <testcase name="contextLoads()" classname="com.fiap.reservarest.ReservarestApplicationTests" time="0.368"/>
  <system-out><![CDATA[09:26:24.565 [Test worker] INFO org.springframework.test.context.support.AnnotationConfigContextLoaderUtils -- Could not detect default configuration classes for test class [com.fiap.reservarest.ReservarestApplicationTests]: ReservarestApplicationTests does not declare any static, non-private, non-final, nested classes annotated with @Configuration.
09:26:24.661 [Test worker] INFO org.springframework.boot.test.context.SpringBootTestContextBootstrapper -- Found @SpringBootConfiguration com.fiap.reservarest.ReservarestApplication for test class com.fiap.reservarest.ReservarestApplicationTests

  .   ____          _            __ _ _
 /\\ / ___'_ __ _ _(_)_ __  __ _ \ \ \ \
( ( )\___ | '_ | '_| | '_ \/ _` | \ \ \ \
 \\/  ___)| |_)| | | | | || (_| |  ) ) ) )
  '  |____| .__|_| |_|_| |_\__, | / / / /
 =========|_|==============|___/=/_/_/_/
 :: Spring Boot ::                (v3.2.3)

2024-03-10T09:26:25.001-03:00  INFO 1940 --- [    Test worker] c.f.r.ReservarestApplicationTests        : Starting ReservarestApplicationTests using Java 17.0.8 with PID 1940 (started by emersonlopes in /Users/emersonlopes/git/reservarest)
2024-03-10T09:26:25.002-03:00  INFO 1940 --- [    Test worker] c.f.r.ReservarestApplicationTests        : No active profile set, falling back to 1 default profile: "default"
2024-03-10T09:26:25.514-03:00  INFO 1940 --- [    Test worker] .s.d.r.c.RepositoryConfigurationDelegate : Bootstrapping Spring Data JPA repositories in DEFAULT mode.
2024-03-10T09:26:25.559-03:00  INFO 1940 --- [    Test worker] .s.d.r.c.RepositoryConfigurationDelegate : Finished Spring Data repository scanning in 38 ms. Found 1 JPA repository interface.
2024-03-10T09:26:25.873-03:00  INFO 1940 --- [    Test worker] com.zaxxer.hikari.HikariDataSource       : HikariPool-1 - Starting...
2024-03-10T09:26:26.137-03:00  INFO 1940 --- [    Test worker] com.zaxxer.hikari.pool.HikariPool        : HikariPool-1 - Added connection conn0: url=jdbc:h2:mem:testdb user=SA
2024-03-10T09:26:26.138-03:00  INFO 1940 --- [    Test worker] com.zaxxer.hikari.HikariDataSource       : HikariPool-1 - Start completed.
2024-03-10T09:26:26.179-03:00  INFO 1940 --- [    Test worker] o.hibernate.jpa.internal.util.LogHelper  : HHH000204: Processing PersistenceUnitInfo [name: default]
2024-03-10T09:26:26.243-03:00  INFO 1940 --- [    Test worker] org.hibernate.Version                    : HHH000412: Hibernate ORM core version 6.4.4.Final
2024-03-10T09:26:26.276-03:00  INFO 1940 --- [    Test worker] o.h.c.internal.RegionFactoryInitiator    : HHH000026: Second-level cache disabled
2024-03-10T09:26:26.472-03:00  INFO 1940 --- [    Test worker] o.s.o.j.p.SpringPersistenceUnitInfo      : No LoadTimeWeaver setup: ignoring JPA class transformer
2024-03-10T09:26:26.511-03:00  WARN 1940 --- [    Test worker] org.hibernate.orm.deprecation            : HHH90000025: H2Dialect does not need to be specified explicitly using 'hibernate.dialect' (remove the property setting and it will be selected by default)
2024-03-10T09:26:27.209-03:00  INFO 1940 --- [    Test worker] o.h.e.t.j.p.i.JtaPlatformInitiator       : HHH000489: No JTA platform available (set 'hibernate.transaction.jta.platform' to enable JTA platform integration)
2024-03-10T09:26:27.240-03:00  INFO 1940 --- [    Test worker] j.LocalContainerEntityManagerFactoryBean : Initialized JPA EntityManagerFactory for persistence unit 'default'
2024-03-10T09:26:27.847-03:00  WARN 1940 --- [    Test worker] JpaBaseConfiguration$JpaWebConfiguration : spring.jpa.open-in-view is enabled by default. Therefore, database queries may be performed during view rendering. Explicitly configure spring.jpa.open-in-view to disable this warning
2024-03-10T09:26:28.059-03:00  INFO 1940 --- [    Test worker] o.s.b.a.h2.H2ConsoleAutoConfiguration    : H2 console available at '/h2-console'. Database available at 'jdbc:h2:mem:testdb'
2024-03-10T09:26:28.099-03:00  INFO 1940 --- [    Test worker] c.f.r.ReservarestApplicationTests        : Started ReservarestApplicationTests in 3.304 seconds (process running for 4.25)
]]></system-out>
  <system-err><![CDATA[]]></system-err>
</testsuite>
